<?xml version="1.0" encoding="UTF-8"?>
<coverage generated="1777361159486" clover="3.2.0">
  <project timestamp="1777361159486" name="All files">
    <metrics statements="70" coveredstatements="57" conditionals="36" coveredconditionals="28" methods="20" coveredmethods="16" elements="126" coveredelements="101" complexity="0" loc="70" ncloc="70" packages="1" files="3" classes="3"/>
    <file name="MarketModal.js" path="/Users/jalalchowdhury/PycharmProjects/financial-telegram-bot/dashboard/components/MarketModal.js">
      <metrics statements="27" coveredstatements="15" conditionals="11" coveredconditionals="11" methods="8" coveredmethods="4"/>
      <line num="16" count="39" type="stmt"/>
      <line num="18" count="39" type="cond" truecount="3" falsecount="0"/>
      <line num="19" count="11" type="stmt"/>
      <line num="23" count="28" type="stmt"/>
      <line num="24" count="28" type="cond" truecount="1" falsecount="0"/>
      <line num="25" count="26" type="cond" truecount="1" falsecount="0"/>
      <line num="26" count="25" type="cond" truecount="1" falsecount="0"/>
      <line num="27" count="9" type="cond" truecount="1" falsecount="0"/>
      <line num="28" count="2" type="stmt"/>
      <line num="32" count="28" type="stmt"/>
      <line num="33" count="28" type="cond" truecount="2" falsecount="0"/>
      <line num="36" count="28" type="cond" truecount="2" falsecount="0"/>
      <line num="37" count="28" type="stmt"/>
      <line num="38" count="28" type="stmt"/>
      <line num="84" count="1" type="stmt"/>
      <line num="129" count="0" type="stmt"/>
      <line num="130" count="0" type="stmt"/>
      <line num="131" count="0" type="stmt"/>
      <line num="134" count="0" type="stmt"/>
      <line num="135" count="0" type="stmt"/>
      <line num="136" count="0" type="stmt"/>
      <line num="265" count="0" type="stmt"/>
      <line num="266" count="0" type="stmt"/>
      <line num="267" count="0" type="stmt"/>
      <line num="270" count="0" type="stmt"/>
      <line num="271" count="0" type="stmt"/>
      <line num="272" count="0" type="stmt"/>
    </file>
    <file name="PolymarketTable.js" path="/Users/jalalchowdhury/PycharmProjects/financial-telegram-bot/dashboard/components/PolymarketTable.js">
      <metrics statements="41" coveredstatements="40" conditionals="19" coveredconditionals="12" methods="10" coveredmethods="10"/>
      <line num="3" count="1" type="stmt"/>
      <line num="4" count="1" type="stmt"/>
      <line num="5" count="1" type="stmt"/>
      <line num="17" count="11" type="stmt"/>
      <line num="18" count="29" type="stmt"/>
      <line num="19" count="29" type="stmt"/>
      <line num="20" count="29" type="stmt"/>
      <line num="21" count="29" type="stmt"/>
      <line num="22" count="29" type="stmt"/>
      <line num="24" count="29" type="stmt"/>
      <line num="25" count="11" type="stmt"/>
      <line num="26" count="11" type="stmt"/>
      <line num="27" count="11" type="stmt"/>
      <line num="28" count="9" type="stmt"/>
      <line num="30" count="9" type="cond" truecount="4" falsecount="0"/>
      <line num="31" count="1" type="cond" truecount="1" falsecount="1"/>
      <line num="32" count="1" type="stmt"/>
      <line num="34" count="8" type="cond" truecount="1" falsecount="1"/>
      <line num="35" count="8" type="stmt"/>
      <line num="38" count="1" type="stmt"/>
      <line num="39" count="1" type="stmt"/>
      <line num="41" count="10" type="stmt"/>
      <line num="45" count="11" type="stmt"/>
      <line num="48" count="29" type="cond" truecount="1" falsecount="0"/>
      <line num="56" count="18" type="cond" truecount="1" falsecount="0"/>
      <line num="66" count="16" type="cond" truecount="1" falsecount="0"/>
      <line num="75" count="15" type="stmt"/>
      <line num="76" count="57" type="cond" truecount="0" falsecount="1"/>
      <line num="77" count="57" type="cond" truecount="0" falsecount="1"/>
      <line num="78" count="57" type="cond" truecount="0" falsecount="1"/>
      <line num="79" count="57" type="cond" truecount="1" falsecount="0"/>
      <line num="80" count="0" type="stmt"/>
      <line num="84" count="15" type="stmt"/>
      <line num="85" count="6" type="stmt"/>
      <line num="86" count="6" type="stmt"/>
      <line num="90" count="15" type="stmt"/>
      <line num="91" count="2" type="stmt"/>
      <line num="105" count="19" type="stmt"/>
      <line num="107" count="6" type="stmt"/>
      <line num="122" count="1" type="stmt"/>
      <line num="125" count="1" type="stmt"/>
    </file>
    <file name="Skeleton.js" path="/Users/jalalchowdhury/PycharmProjects/financial-telegram-bot/dashboard/components/Skeleton.js">
      <metrics statements="2" coveredstatements="2" conditionals="6" coveredconditionals="5" methods="2" coveredmethods="2"/>
      <line num="1" count="11" type="cond" truecount="1" falsecount="1"/>
      <line num="6" count="88" type="cond" truecount="4" falsecount="0"/>
    </file>
  </project>
</coverage>
