{"/Users/jalalchowdhury/PycharmProjects/financial-telegram-bot/dashboard/components/MarketModal.js": {"path":"/Users/jalalchowdhury/PycharmProjects/financial-telegram-bot/dashboard/components/MarketModal.js","statementMap":{"0":{"start":{"line":16,"column":24},"end":{"line":16,"column":36}},"1":{"start":{"line":18,"column":2},"end":{"line":20,"column":null}},"2":{"start":{"line":19,"column":4},"end":{"line":19,"column":null}},"3":{"start":{"line":23,"column":23},"end":{"line":29,"column":null}},"4":{"start":{"line":24,"column":4},"end":{"line":24,"column":null}},"5":{"start":{"line":24,"column":20},"end":{"line":24,"column":null}},"6":{"start":{"line":25,"column":4},"end":{"line":25,"column":null}},"7":{"start":{"line":25,"column":20},"end":{"line":25,"column":null}},"8":{"start":{"line":26,"column":4},"end":{"line":26,"column":null}},"9":{"start":{"line":26,"column":20},"end":{"line":26,"column":null}},"10":{"start":{"line":27,"column":4},"end":{"line":27,"column":null}},"11":{"start":{"line":27,"column":20},"end":{"line":27,"column":null}},"12":{"start":{"line":28,"column":4},"end":{"line":28,"column":null}},"13":{"start":{"line":32,"column":23},"end":{"line":34,"column":null}},"14":{"start":{"line":33,"column":4},"end":{"line":33,"column":null}},"15":{"start":{"line":36,"column":22},"end":{"line":36,"column":null}},"16":{"start":{"line":37,"column":29},"end":{"line":37,"column":null}},"17":{"start":{"line":38,"column":19},"end":{"line":38,"column":null}},"18":{"start":{"line":84,"column":26},"end":{"line":84,"column":null}},"19":{"start":{"line":129,"column":16},"end":{"line":129,"column":null}},"20":{"start":{"line":130,"column":16},"end":{"line":130,"column":null}},"21":{"start":{"line":131,"column":16},"end":{"line":131,"column":null}},"22":{"start":{"line":134,"column":16},"end":{"line":134,"column":null}},"23":{"start":{"line":135,"column":16},"end":{"line":135,"column":null}},"24":{"start":{"line":136,"column":16},"end":{"line":136,"column":null}},"25":{"start":{"line":265,"column":14},"end":{"line":265,"column":null}},"26":{"start":{"line":266,"column":14},"end":{"line":266,"column":null}},"27":{"start":{"line":267,"column":14},"end":{"line":267,"column":null}},"28":{"start":{"line":270,"column":14},"end":{"line":270,"column":null}},"29":{"start":{"line":271,"column":14},"end":{"line":271,"column":null}},"30":{"start":{"line":272,"column":14},"end":{"line":272,"column":null}}},"fnMap":{"0":{"name":"MarketModal","decl":{"start":{"line":16,"column":24},"end":{"line":16,"column":36}},"loc":{"start":{"line":16,"column":60},"end":{"line":282,"column":null}}},"1":{"name":"(anonymous_2)","decl":{"start":{"line":23,"column":23},"end":{"line":23,"column":24}},"loc":{"start":{"line":23,"column":24},"end":{"line":29,"column":null}}},"2":{"name":"(anonymous_3)","decl":{"start":{"line":32,"column":23},"end":{"line":32,"column":24}},"loc":{"start":{"line":32,"column":24},"end":{"line":34,"column":null}}},"3":{"name":"(anonymous_4)","decl":{"start":{"line":84,"column":19},"end":{"line":84,"column":20}},"loc":{"start":{"line":84,"column":26},"end":{"line":84,"column":null}}},"4":{"name":"(anonymous_5)","decl":{"start":{"line":128,"column":28},"end":{"line":128,"column":29}},"loc":{"start":{"line":128,"column":29},"end":{"line":132,"column":null}}},"5":{"name":"(anonymous_6)","decl":{"start":{"line":133,"column":28},"end":{"line":133,"column":29}},"loc":{"start":{"line":133,"column":29},"end":{"line":137,"column":null}}},"6":{"name":"(anonymous_7)","decl":{"start":{"line":264,"column":26},"end":{"line":264,"column":27}},"loc":{"start":{"line":264,"column":27},"end":{"line":268,"column":null}}},"7":{"name":"(anonymous_8)","decl":{"start":{"line":269,"column":26},"end":{"line":269,"column":27}},"loc":{"start":{"line":269,"column":27},"end":{"line":273,"column":null}}}},"branchMap":{"0":{"loc":{"start":{"line":18,"column":2},"end":{"line":20,"column":null}},"type":"if","locations":[{"start":{"line":18,"column":2},"end":{"line":20,"column":null}}]},"1":{"loc":{"start":{"line":18,"column":6},"end":{"line":18,"column":23}},"type":"binary-expr","locations":[{"start":{"line":18,"column":6},"end":{"line":18,"column":17}},{"start":{"line":18,"column":17},"end":{"line":18,"column":23}}]},"2":{"loc":{"start":{"line":24,"column":4},"end":{"line":24,"column":null}},"type":"if","locations":[{"start":{"line":24,"column":4},"end":{"line":24,"column":null}}]},"3":{"loc":{"start":{"line":25,"column":4},"end":{"line":25,"column":null}},"type":"if","locations":[{"start":{"line":25,"column":4},"end":{"line":25,"column":null}}]},"4":{"loc":{"start":{"line":26,"column":4},"end":{"line":26,"column":null}},"type":"if","locations":[{"start":{"line":26,"column":4},"end":{"line":26,"column":null}}]},"5":{"loc":{"start":{"line":27,"column":4},"end":{"line":27,"column":null}},"type":"if","locations":[{"start":{"line":27,"column":4},"end":{"line":27,"column":null}}]},"6":{"loc":{"start":{"line":33,"column":16},"end":{"line":33,"column":29}},"type":"binary-expr","locations":[{"start":{"line":33,"column":16},"end":{"line":33,"column":26}},{"start":{"line":33,"column":26},"end":{"line":33,"column":29}}]},"7":{"loc":{"start":{"line":36,"column":22},"end":{"line":36,"column":null}},"type":"binary-expr","locations":[{"start":{"line":36,"column":22},"end":{"line":36,"column":37}},{"start":{"line":36,"column":41},"end":{"line":36,"column":null}}]}},"s":{"0":39,"1":39,"2":11,"3":28,"4":28,"5":2,"6":26,"7":1,"8":25,"9":16,"10":9,"11":7,"12":2,"13":28,"14":28,"15":28,"16":28,"17":28,"18":1,"19":0,"20":0,"21":0,"22":0,"23":0,"24":0,"25":0,"26":0,"27":0,"28":0,"29":0,"30":0},"f":{"0":39,"1":28,"2":28,"3":1,"4":0,"5":0,"6":0,"7":0},"b":{"0":[11],"1":[39,29],"2":[2],"3":[1],"4":[16],"5":[7],"6":[28,1],"7":[28,1]}}
,"/Users/jalalchowdhury/PycharmProjects/financial-telegram-bot/dashboard/components/PolymarketTable.js": {"path":"/Users/jalalchowdhury/PycharmProjects/financial-telegram-bot/dashboard/components/PolymarketTable.js","statementMap":{"0":{"start":{"line":17,"column":24},"end":{"line":17,"column":null}},"1":{"start":{"line":3,"column":36},"end":{"line":3,"column":null}},"2":{"start":{"line":4,"column":21},"end":{"line":4,"column":null}},"3":{"start":{"line":5,"column":24},"end":{"line":5,"column":null}},"4":{"start":{"line":18,"column":26},"end":{"line":18,"column":null}},"5":{"start":{"line":19,"column":32},"end":{"line":19,"column":null}},"6":{"start":{"line":20,"column":28},"end":{"line":20,"column":null}},"7":{"start":{"line":21,"column":40},"end":{"line":21,"column":null}},"8":{"start":{"line":22,"column":40},"end":{"line":22,"column":null}},"9":{"start":{"line":24,"column":2},"end":{"line":46,"column":null}},"10":{"start":{"line":25,"column":32},"end":{"line":43,"column":null}},"11":{"start":{"line":26,"column":6},"end":{"line":42,"column":null}},"12":{"start":{"line":27,"column":25},"end":{"line":27,"column":null}},"13":{"start":{"line":28,"column":21},"end":{"line":28,"column":null}},"14":{"start":{"line":30,"column":8},"end":{"line":36,"column":null}},"15":{"start":{"line":31,"column":10},"end":{"line":31,"column":null}},"16":{"start":{"line":32,"column":10},"end":{"line":32,"column":null}},"17":{"start":{"line":34,"column":10},"end":{"line":34,"column":null}},"18":{"start":{"line":35,"column":10},"end":{"line":35,"column":null}},"19":{"start":{"line":38,"column":8},"end":{"line":38,"column":null}},"20":{"start":{"line":39,"column":8},"end":{"line":39,"column":null}},"21":{"start":{"line":41,"column":8},"end":{"line":41,"column":null}},"22":{"start":{"line":45,"column":4},"end":{"line":45,"column":null}},"23":{"start":{"line":48,"column":2},"end":{"line":54,"column":null}},"24":{"start":{"line":56,"column":2},"end":{"line":64,"column":null}},"25":{"start":{"line":66,"column":2},"end":{"line":72,"column":null}},"26":{"start":{"line":75,"column":23},"end":{"line":81,"column":null}},"27":{"start":{"line":76,"column":4},"end":{"line":76,"column":null}},"28":{"start":{"line":76,"column":20},"end":{"line":76,"column":null}},"29":{"start":{"line":77,"column":4},"end":{"line":77,"column":null}},"30":{"start":{"line":77,"column":20},"end":{"line":77,"column":null}},"31":{"start":{"line":78,"column":4},"end":{"line":78,"column":null}},"32":{"start":{"line":78,"column":20},"end":{"line":78,"column":null}},"33":{"start":{"line":79,"column":4},"end":{"line":79,"column":null}},"34":{"start":{"line":79,"column":20},"end":{"line":79,"column":null}},"35":{"start":{"line":80,"column":4},"end":{"line":80,"column":null}},"36":{"start":{"line":84,"column":25},"end":{"line":87,"column":null}},"37":{"start":{"line":85,"column":4},"end":{"line":85,"column":null}},"38":{"start":{"line":86,"column":4},"end":{"line":86,"column":null}},"39":{"start":{"line":90,"column":27},"end":{"line":92,"column":null}},"40":{"start":{"line":91,"column":4},"end":{"line":91,"column":null}},"41":{"start":{"line":105,"column":12},"end":{"line":106,"column":null}},"42":{"start":{"line":107,"column":29},"end":{"line":107,"column":null}},"43":{"start":{"line":122,"column":16},"end":{"line":122,"column":null}},"44":{"start":{"line":125,"column":16},"end":{"line":125,"column":null}}},"fnMap":{"0":{"name":"PolymarketTable","decl":{"start":{"line":17,"column":24},"end":{"line":17,"column":null}},"loc":{"start":{"line":17,"column":24},"end":{"line":215,"column":null}}},"1":{"name":"(anonymous_3)","decl":{"start":{"line":24,"column":12},"end":{"line":24,"column":null}},"loc":{"start":{"line":24,"column":12},"end":{"line":46,"column":5}}},"2":{"name":"(anonymous_4)","decl":{"start":{"line":25,"column":32},"end":{"line":25,"column":null}},"loc":{"start":{"line":25,"column":32},"end":{"line":43,"column":null}}},"3":{"name":"(anonymous_5)","decl":{"start":{"line":75,"column":23},"end":{"line":75,"column":24}},"loc":{"start":{"line":75,"column":24},"end":{"line":81,"column":null}}},"4":{"name":"(anonymous_6)","decl":{"start":{"line":84,"column":25},"end":{"line":84,"column":26}},"loc":{"start":{"line":84,"column":26},"end":{"line":87,"column":null}}},"5":{"name":"(anonymous_7)","decl":{"start":{"line":90,"column":27},"end":{"line":90,"column":null}},"loc":{"start":{"line":90,"column":27},"end":{"line":92,"column":null}}},"6":{"name":"(anonymous_8)","decl":{"start":{"line":104,"column":32},"end":{"line":104,"column":33}},"loc":{"start":{"line":105,"column":12},"end":{"line":106,"column":null}}},"7":{"name":"(anonymous_9)","decl":{"start":{"line":107,"column":23},"end":{"line":107,"column":29}},"loc":{"start":{"line":107,"column":29},"end":{"line":107,"column":null}}},"8":{"name":"(anonymous_10)","decl":{"start":{"line":121,"column":28},"end":{"line":121,"column":29}},"loc":{"start":{"line":121,"column":29},"end":{"line":123,"column":null}}},"9":{"name":"(anonymous_11)","decl":{"start":{"line":124,"column":28},"end":{"line":124,"column":29}},"loc":{"start":{"line":124,"column":29},"end":{"line":126,"column":null}}}},"branchMap":{"0":{"loc":{"start":{"line":30,"column":8},"end":{"line":36,"column":null}},"type":"if","locations":[{"start":{"line":30,"column":8},"end":{"line":36,"column":null}},{"start":{"line":33,"column":15},"end":{"line":36,"column":null}}]},"1":{"loc":{"start":{"line":30,"column":12},"end":{"line":30,"column":38}},"type":"binary-expr","locations":[{"start":{"line":30,"column":12},"end":{"line":30,"column":24}},{"start":{"line":30,"column":28},"end":{"line":30,"column":38}}]},"2":{"loc":{"start":{"line":31,"column":19},"end":{"line":31,"column":null}},"type":"binary-expr","locations":[{"start":{"line":31,"column":19},"end":{"line":31,"column":29}},{"start":{"line":31,"column":33},"end":{"line":31,"column":null}}]},"3":{"loc":{"start":{"line":34,"column":18},"end":{"line":34,"column":33}},"type":"binary-expr","locations":[{"start":{"line":34,"column":18},"end":{"line":34,"column":27}},{"start":{"line":34,"column":31},"end":{"line":34,"column":33}}]},"4":{"loc":{"start":{"line":48,"column":2},"end":{"line":54,"column":null}},"type":"if","locations":[{"start":{"line":48,"column":2},"end":{"line":54,"column":null}}]},"5":{"loc":{"start":{"line":56,"column":2},"end":{"line":64,"column":null}},"type":"if","locations":[{"start":{"line":56,"column":2},"end":{"line":64,"column":null}}]},"6":{"loc":{"start":{"line":66,"column":2},"end":{"line":72,"column":null}},"type":"if","locations":[{"start":{"line":66,"column":2},"end":{"line":72,"column":null}}]},"7":{"loc":{"start":{"line":76,"column":4},"end":{"line":76,"column":null}},"type":"if","locations":[{"start":{"line":76,"column":4},"end":{"line":76,"column":null}}]},"8":{"loc":{"start":{"line":77,"column":4},"end":{"line":77,"column":null}},"type":"if","locations":[{"start":{"line":77,"column":4},"end":{"line":77,"column":null}}]},"9":{"loc":{"start":{"line":78,"column":4},"end":{"line":78,"column":null}},"type":"if","locations":[{"start":{"line":78,"column":4},"end":{"line":78,"column":null}}]},"10":{"loc":{"start":{"line":79,"column":4},"end":{"line":79,"column":null}},"type":"if","locations":[{"start":{"line":79,"column":4},"end":{"line":79,"column":null}}]},"11":{"loc":{"start":{"line":140,"column":19},"end":{"line":140,"column":86}},"type":"cond-expr","locations":[{"start":{"line":140,"column":42},"end":{"line":140,"column":78}},{"start":{"line":140,"column":78},"end":{"line":140,"column":86}}]},"12":{"loc":{"start":{"line":188,"column":17},"end":{"line":188,"column":null}},"type":"cond-expr","locations":[{"start":{"line":188,"column":37},"end":{"line":188,"column":76}},{"start":{"line":188,"column":76},"end":{"line":188,"column":null}}]}},"s":{"0":11,"1":1,"2":1,"3":1,"4":29,"5":29,"6":29,"7":29,"8":29,"9":29,"10":11,"11":11,"12":11,"13":9,"14":9,"15":1,"16":1,"17":8,"18":8,"19":1,"20":1,"21":10,"22":11,"23":29,"24":18,"25":16,"26":15,"27":57,"28":0,"29":57,"30":0,"31":57,"32":0,"33":57,"34":57,"35":0,"36":15,"37":6,"38":6,"39":15,"40":2,"41":19,"42":6,"43":1,"44":1},"f":{"0":29,"1":11,"2":11,"3":57,"4":6,"5":2,"6":19,"7":6,"8":1,"9":1},"b":{"0":[1,8],"1":[9,8],"2":[1,0],"3":[8,0],"4":[11],"5":[2],"6":[1],"7":[0],"8":[0],"9":[0],"10":[57],"11":[0,19],"12":[19,0]}}
,"/Users/jalalchowdhury/PycharmProjects/financial-telegram-bot/dashboard/components/Skeleton.js": {"path":"/Users/jalalchowdhury/PycharmProjects/financial-telegram-bot/dashboard/components/Skeleton.js","statementMap":{"0":{"start":{"line":1,"column":24},"end":{"line":1,"column":33}},"1":{"start":{"line":6,"column":16},"end":{"line":6,"column":29}}},"fnMap":{"0":{"name":"Skeleton","decl":{"start":{"line":1,"column":24},"end":{"line":1,"column":33}},"loc":{"start":{"line":1,"column":61},"end":{"line":10,"column":null}}},"1":{"name":"(anonymous_2)","decl":{"start":{"line":5,"column":47},"end":{"line":5,"column":48}},"loc":{"start":{"line":6,"column":16},"end":{"line":6,"column":29}}}},"branchMap":{"0":{"loc":{"start":{"line":1,"column":35},"end":{"line":1,"column":48}},"type":"default-arg","locations":[{"start":{"line":1,"column":42},"end":{"line":1,"column":48}}]},"1":{"loc":{"start":{"line":1,"column":50},"end":{"line":1,"column":59}},"type":"default-arg","locations":[{"start":{"line":1,"column":58},"end":{"line":1,"column":59}}]},"2":{"loc":{"start":{"line":6,"column":66},"end":{"line":6,"column":116}},"type":"cond-expr","locations":[{"start":{"line":6,"column":84},"end":{"line":6,"column":94}},{"start":{"line":6,"column":94},"end":{"line":6,"column":116}}]},"3":{"loc":{"start":{"line":6,"column":94},"end":{"line":6,"column":116}},"type":"cond-expr","locations":[{"start":{"line":6,"column":102},"end":{"line":6,"column":113}},{"start":{"line":6,"column":113},"end":{"line":6,"column":116}}]}},"s":{"0":11,"1":88},"f":{"0":11,"1":88},"b":{"0":[11],"1":[0],"2":[11,77],"3":[33,44]}}
}
