TN:
SF:components/MarketModal.js
FN:16,MarketModal
FN:23,(anonymous_2)
FN:32,(anonymous_3)
FN:84,(anonymous_4)
FN:128,(anonymous_5)
FN:133,(anonymous_6)
FN:264,(anonymous_7)
FN:269,(anonymous_8)
FNF:8
FNH:4
FNDA:39,MarketModal
FNDA:28,(anonymous_2)
FNDA:28,(anonymous_3)
FNDA:1,(anonymous_4)
FNDA:0,(anonymous_5)
FNDA:0,(anonymous_6)
FNDA:0,(anonymous_7)
FNDA:0,(anonymous_8)
DA:16,39
DA:18,39
DA:19,11
DA:23,28
DA:24,28
DA:25,26
DA:26,25
DA:27,9
DA:28,2
DA:32,28
DA:33,28
DA:36,28
DA:37,28
DA:38,28
DA:84,1
DA:129,0
DA:130,0
DA:131,0
DA:134,0
DA:135,0
DA:136,0
DA:265,0
DA:266,0
DA:267,0
DA:270,0
DA:271,0
DA:272,0
LF:27
LH:15
BRDA:18,0,0,11
BRDA:18,1,0,39
BRDA:18,1,1,29
BRDA:24,2,0,2
BRDA:25,3,0,1
BRDA:26,4,0,16
BRDA:27,5,0,7
BRDA:33,6,0,28
BRDA:33,6,1,1
BRDA:36,7,0,28
BRDA:36,7,1,1
BRF:11
BRH:11
end_of_record
TN:
SF:components/PolymarketTable.js
FN:17,PolymarketTable
FN:24,(anonymous_3)
FN:25,(anonymous_4)
FN:75,(anonymous_5)
FN:84,(anonymous_6)
FN:90,(anonymous_7)
FN:104,(anonymous_8)
FN:107,(anonymous_9)
FN:121,(anonymous_10)
FN:124,(anonymous_11)
FNF:10
FNH:10
FNDA:29,PolymarketTable
FNDA:11,(anonymous_3)
FNDA:11,(anonymous_4)
FNDA:57,(anonymous_5)
FNDA:6,(anonymous_6)
FNDA:2,(anonymous_7)
FNDA:19,(anonymous_8)
FNDA:6,(anonymous_9)
FNDA:1,(anonymous_10)
FNDA:1,(anonymous_11)
DA:3,1
DA:4,1
DA:5,1
DA:17,11
DA:18,29
DA:19,29
DA:20,29
DA:21,29
DA:22,29
DA:24,29
DA:25,11
DA:26,11
DA:27,11
DA:28,9
DA:30,9
DA:31,1
DA:32,1
DA:34,8
DA:35,8
DA:38,1
DA:39,1
DA:41,10
DA:45,11
DA:48,29
DA:56,18
DA:66,16
DA:75,15
DA:76,57
DA:77,57
DA:78,57
DA:79,57
DA:80,0
DA:84,15
DA:85,6
DA:86,6
DA:90,15
DA:91,2
DA:105,19
DA:107,6
DA:122,1
DA:125,1
LF:41
LH:40
BRDA:30,0,0,1
BRDA:30,0,1,8
BRDA:30,1,0,9
BRDA:30,1,1,8
BRDA:31,2,0,1
BRDA:31,2,1,0
BRDA:34,3,0,8
BRDA:34,3,1,0
BRDA:48,4,0,11
BRDA:56,5,0,2
BRDA:66,6,0,1
BRDA:76,7,0,0
BRDA:77,8,0,0
BRDA:78,9,0,0
BRDA:79,10,0,57
BRDA:140,11,0,0
BRDA:140,11,1,19
BRDA:188,12,0,19
BRDA:188,12,1,0
BRF:19
BRH:12
end_of_record
TN:
SF:components/Skeleton.js
FN:1,Skeleton
FN:5,(anonymous_2)
FNF:2
FNH:2
FNDA:11,Skeleton
FNDA:88,(anonymous_2)
DA:1,11
DA:6,88
LF:2
LH:2
BRDA:1,0,0,11
BRDA:1,1,0,0
BRDA:6,2,0,11
BRDA:6,2,1,77
BRDA:6,3,0,33
BRDA:6,3,1,44
BRF:6
BRH:5
end_of_record
